<?xml version="1.0" encoding="UTF-8"?>
<testsuite name="TestClient" tests="1" skipped="0" failures="0" errors="0" timestamp="2021-09-25T20:20:29" hostname="Igors-MacBook-Pro.local" time="2.138">
  <properties/>
  <testcase name="When updating a client, then it must be available in the result" classname="TestClient" time="2.138"/>
  <system-out><![CDATA[]]></system-out>
  <system-err><![CDATA[]]></system-err>
</testsuite>
