<?xml version="1.0" encoding="UTF-8"?>
<testsuite name="TestClient" tests="4" skipped="0" failures="0" errors="0" timestamp="2021-09-27T14:00:09" hostname="Igors-MacBook-Pro.local" time="6.341">
  <properties/>
  <testcase name="When getting all clients without registering, then the list must be empty." classname="TestClient" time="4.609"/>
  <testcase name="When registering a client, then it is must be available in the result." classname="TestClient" time="1.488"/>
  <testcase name="When deleting a client, then the client must be removed with successful" classname="TestClient" time="0.076"/>
  <testcase name="When updating a client, then the client must be updated." classname="TestClient" time="0.164"/>
  <system-out><![CDATA[]]></system-out>
  <system-err><![CDATA[]]></system-err>
</testsuite>
